[2026-02-14 13:06:16] production.ERROR: The "--columns" option does not exist. {"exception":"[object] (Symfony\\Component\\Console\\Exception\\RuntimeException(code: 0): The \"--columns\" option does not exist. at /home/runner/work/ramaschoollaravel/ramaschoollaravel/vendor/symfony/console/Input/ArgvInput.php:223)
[stacktrace]
#0 /home/runner/work/ramaschoollaravel/ramaschoollaravel/vendor/symfony/console/Input/ArgvInput.php(150): Symfony\\Component\\Console\\Input\\ArgvInput->addLongOption()
#1 /home/runner/work/ramaschoollaravel/ramaschoollaravel/vendor/symfony/console/Input/ArgvInput.php(85): Symfony\\Component\\Console\\Input\\ArgvInput->parseLongOption()
#2 /home/runner/work/ramaschoollaravel/ramaschoollaravel/vendor/symfony/console/Input/ArgvInput.php(74): Symfony\\Component\\Console\\Input\\ArgvInput->parseToken()
#3 /home/runner/work/ramaschoollaravel/ramaschoollaravel/vendor/symfony/console/Input/Input.php(56): Symfony\\Component\\Console\\Input\\ArgvInput->parse()
#4 /home/runner/work/ramaschoollaravel/ramaschoollaravel/vendor/symfony/console/Command/Command.php(285): Symfony\\Component\\Console\\Input\\Input->bind()
#5 /home/runner/work/ramaschoollaravel/ramaschoollaravel/vendor/laravel/framework/src/Illuminate/Console/Command.php(180): Symfony\\Component\\Console\\Command\\Command->run()
#6 /home/runner/work/ramaschoollaravel/ramaschoollaravel/vendor/symfony/console/Application.php(1106): Illuminate\\Console\\Command->run()
#7 /home/runner/work/ramaschoollaravel/ramaschoollaravel/vendor/symfony/console/Application.php(324): Symfony\\Component\\Console\\Application->doRunCommand()
#8 /home/runner/work/ramaschoollaravel/ramaschoollaravel/vendor/symfony/console/Application.php(175): Symfony\\Component\\Console\\Application->doRun()
#9 /home/runner/work/ramaschoollaravel/ramaschoollaravel/vendor/laravel/framework/src/Illuminate/Foundation/Console/Kernel.php(201): Symfony\\Component\\Console\\Application->run()
#10 /home/runner/work/ramaschoollaravel/ramaschoollaravel/artisan(35): Illuminate\\Foundation\\Console\\Kernel->handle()
#11 {main}
"} 
[2026-02-14 13:09:13] local.ERROR: SQLSTATE[HY000] [2002] Connection refused (Connection: mysql, SQL: select table_name as `name`, (data_length + index_length) as `size`, table_comment as `comment`, engine as `engine`, table_collation as `collation` from information_schema.tables where table_schema = 'laravel' and table_type in ('BASE TABLE', 'SYSTEM VERSIONED') order by table_name) {"exception":"[object] (Illuminate\\Database\\QueryException(code: 2002): SQLSTATE[HY000] [2002] Connection refused (Connection: mysql, SQL: select table_name as `name`, (data_length + index_length) as `size`, table_comment as `comment`, engine as `engine`, table_collation as `collation` from information_schema.tables where table_schema = 'laravel' and table_type in ('BASE TABLE', 'SYSTEM VERSIONED') order by table_name) at /home/runner/work/ramaschoollaravel/ramaschoollaravel/vendor/laravel/framework/src/Illuminate/Database/Connection.php:829)
[stacktrace]
#0 /home/runner/work/ramaschoollaravel/ramaschoollaravel/vendor/laravel/framework/src/Illuminate/Database/Connection.php(983): Illuminate\\Database\\Connection->runQueryCallback()
#1 /home/runner/work/ramaschoollaravel/ramaschoollaravel/vendor/laravel/framework/src/Illuminate/Database/Connection.php(962): Illuminate\\Database\\Connection->tryAgainIfCausedByLostConnection()
#2 /home/runner/work/ramaschoollaravel/ramaschoollaravel/vendor/laravel/framework/src/Illuminate/Database/Connection.php(785): Illuminate\\Database\\Connection->handleQueryException()
#3 /home/runner/work/ramaschoollaravel/ramaschoollaravel/vendor/laravel/framework/src/Illuminate/Database/Connection.php(414): Illuminate\\Database\\Connection->run()
#4 /home/runner/work/ramaschoollaravel/ramaschoollaravel/vendor/laravel/framework/src/Illuminate/Database/Connection.php(401): Illuminate\\Database\\Connection->select()
#5 /home/runner/work/ramaschoollaravel/ramaschoollaravel/vendor/laravel/framework/src/Illuminate/Database/Schema/MySqlBuilder.php(41): Illuminate\\Database\\Connection->selectFromWriteConnection()
#6 /home/runner/work/ramaschoollaravel/ramaschoollaravel/vendor/laravel/framework/src/Illuminate/Database/Schema/Builder.php(165): Illuminate\\Database\\Schema\\MySqlBuilder->getTables()
#7 /home/runner/work/ramaschoollaravel/ramaschoollaravel/vendor/laravel/framework/src/Illuminate/Database/Migrations/DatabaseMigrationRepository.php(184): Illuminate\\Database\\Schema\\Builder->hasTable()
#8 /home/runner/work/ramaschoollaravel/ramaschoollaravel/vendor/laravel/framework/src/Illuminate/Database/Migrations/Migrator.php(727): Illuminate\\Database\\Migrations\\DatabaseMigrationRepository->repositoryExists()
#9 /home/runner/work/ramaschoollaravel/ramaschoollaravel/vendor/laravel/framework/src/Illuminate/Database/Console/Migrations/StatusCommand.php(53): Illuminate\\Database\\Migrations\\Migrator->repositoryExists()
#10 /home/runner/work/ramaschoollaravel/ramaschoollaravel/vendor/laravel/framework/src/Illuminate/Database/Migrations/Migrator.php(641): Illuminate\\Database\\Console\\Migrations\\StatusCommand->Illuminate\\Database\\Console\\Migrations\\{closure}()
#11 /home/runner/work/ramaschoollaravel/ramaschoollaravel/vendor/laravel/framework/src/Illuminate/Database/Console/Migrations/StatusCommand.php(52): Illuminate\\Database\\Migrations\\Migrator->usingConnection()
#12 /home/runner/work/ramaschoollaravel/ramaschoollaravel/vendor/laravel/framework/src/Illuminate/Container/BoundMethod.php(36): Illuminate\\Database\\Console\\Migrations\\StatusCommand->handle()
#13 /home/runner/work/ramaschoollaravel/ramaschoollaravel/vendor/laravel/framework/src/Illuminate/Container/Util.php(41): Illuminate\\Container\\BoundMethod::Illuminate\\Container\\{closure}()
#14 /home/runner/work/ramaschoollaravel/ramaschoollaravel/vendor/laravel/framework/src/Illuminate/Container/BoundMethod.php(93): Illuminate\\Container\\Util::unwrapIfClosure()
#15 /home/runner/work/ramaschoollaravel/ramaschoollaravel/vendor/laravel/framework/src/Illuminate/Container/BoundMethod.php(35): Illuminate\\Container\\BoundMethod::callBoundMethod()
#16 /home/runner/work/ramaschoollaravel/ramaschoollaravel/vendor/laravel/framework/src/Illuminate/Container/Container.php(662): Illuminate\\Container\\BoundMethod::call()
#17 /home/runner/work/ramaschoollaravel/ramaschoollaravel/vendor/laravel/framework/src/Illuminate/Console/Command.php(211): Illuminate\\Container\\Container->call()
#18 /home/runner/work/ramaschoollaravel/ramaschoollaravel/vendor/symfony/console/Command/Command.php(326): Illuminate\\Console\\Command->execute()
#19 /home/runner/work/ramaschoollaravel/ramaschoollaravel/vendor/laravel/framework/src/Illuminate/Console/Command.php(180): Symfony\\Component\\Console\\Command\\Command->run()
#20 /home/runner/work/ramaschoollaravel/ramaschoollaravel/vendor/symfony/console/Application.php(1106): Illuminate\\Console\\Command->run()
#21 /home/runner/work/ramaschoollaravel/ramaschoollaravel/vendor/symfony/console/Application.php(324): Symfony\\Component\\Console\\Application->doRunCommand()
#22 /home/runner/work/ramaschoollaravel/ramaschoollaravel/vendor/symfony/console/Application.php(175): Symfony\\Component\\Console\\Application->doRun()
#23 /home/runner/work/ramaschoollaravel/ramaschoollaravel/vendor/laravel/framework/src/Illuminate/Foundation/Console/Kernel.php(201): Symfony\\Component\\Console\\Application->run()
#24 /home/runner/work/ramaschoollaravel/ramaschoollaravel/artisan(35): Illuminate\\Foundation\\Console\\Kernel->handle()
#25 {main}

[previous exception] [object] (PDOException(code: 2002): SQLSTATE[HY000] [2002] Connection refused at /home/runner/work/ramaschoollaravel/ramaschoollaravel/vendor/laravel/framework/src/Illuminate/Database/Connectors/Connector.php:65)
[stacktrace]
#0 /home/runner/work/ramaschoollaravel/ramaschoollaravel/vendor/laravel/framework/src/Illuminate/Database/Connectors/Connector.php(65): PDO->__construct()
#1 /home/runner/work/ramaschoollaravel/ramaschoollaravel/vendor/laravel/framework/src/Illuminate/Database/Connectors/Connector.php(83): Illuminate\\Database\\Connectors\\Connector->createPdoConnection()
#2 /home/runner/work/ramaschoollaravel/ramaschoollaravel/vendor/laravel/framework/src/Illuminate/Database/Connectors/Connector.php(48): Illuminate\\Database\\Connectors\\Connector->tryAgainIfCausedByLostConnection()
#3 /home/runner/work/ramaschoollaravel/ramaschoollaravel/vendor/laravel/framework/src/Illuminate/Database/Connectors/MySqlConnector.php(24): Illuminate\\Database\\Connectors\\Connector->createConnection()
#4 /home/runner/work/ramaschoollaravel/ramaschoollaravel/vendor/laravel/framework/src/Illuminate/Database/Connectors/ConnectionFactory.php(184): Illuminate\\Database\\Connectors\\MySqlConnector->connect()
#5 [internal function]: Illuminate\\Database\\Connectors\\ConnectionFactory->Illuminate\\Database\\Connectors\\{closure}()
#6 /home/runner/work/ramaschoollaravel/ramaschoollaravel/vendor/laravel/framework/src/Illuminate/Database/Connection.php(1339): call_user_func()
#7 /home/runner/work/ramaschoollaravel/ramaschoollaravel/vendor/laravel/framework/src/Illuminate/Database/Connection.php(528): Illuminate\\Database\\Connection->getPdo()
#8 /home/runner/work/ramaschoollaravel/ramaschoollaravel/vendor/laravel/framework/src/Illuminate/Database/Connection.php(423): Illuminate\\Database\\Connection->getPdoForSelect()
#9 /home/runner/work/ramaschoollaravel/ramaschoollaravel/vendor/laravel/framework/src/Illuminate/Database/Connection.php(816): Illuminate\\Database\\Connection->Illuminate\\Database\\{closure}()
#10 /home/runner/work/ramaschoollaravel/ramaschoollaravel/vendor/laravel/framework/src/Illuminate/Database/Connection.php(983): Illuminate\\Database\\Connection->runQueryCallback()
#11 /home/runner/work/ramaschoollaravel/ramaschoollaravel/vendor/laravel/framework/src/Illuminate/Database/Connection.php(962): Illuminate\\Database\\Connection->tryAgainIfCausedByLostConnection()
#12 /home/runner/work/ramaschoollaravel/ramaschoollaravel/vendor/laravel/framework/src/Illuminate/Database/Connection.php(785): Illuminate\\Database\\Connection->handleQueryException()
#13 /home/runner/work/ramaschoollaravel/ramaschoollaravel/vendor/laravel/framework/src/Illuminate/Database/Connection.php(414): Illuminate\\Database\\Connection->run()
#14 /home/runner/work/ramaschoollaravel/ramaschoollaravel/vendor/laravel/framework/src/Illuminate/Database/Connection.php(401): Illuminate\\Database\\Connection->select()
#15 /home/runner/work/ramaschoollaravel/ramaschoollaravel/vendor/laravel/framework/src/Illuminate/Database/Schema/MySqlBuilder.php(41): Illuminate\\Database\\Connection->selectFromWriteConnection()
#16 /home/runner/work/ramaschoollaravel/ramaschoollaravel/vendor/laravel/framework/src/Illuminate/Database/Schema/Builder.php(165): Illuminate\\Database\\Schema\\MySqlBuilder->getTables()
#17 /home/runner/work/ramaschoollaravel/ramaschoollaravel/vendor/laravel/framework/src/Illuminate/Database/Migrations/DatabaseMigrationRepository.php(184): Illuminate\\Database\\Schema\\Builder->hasTable()
#18 /home/runner/work/ramaschoollaravel/ramaschoollaravel/vendor/laravel/framework/src/Illuminate/Database/Migrations/Migrator.php(727): Illuminate\\Database\\Migrations\\DatabaseMigrationRepository->repositoryExists()
#19 /home/runner/work/ramaschoollaravel/ramaschoollaravel/vendor/laravel/framework/src/Illuminate/Database/Console/Migrations/StatusCommand.php(53): Illuminate\\Database\\Migrations\\Migrator->repositoryExists()
#20 /home/runner/work/ramaschoollaravel/ramaschoollaravel/vendor/laravel/framework/src/Illuminate/Database/Migrations/Migrator.php(641): Illuminate\\Database\\Console\\Migrations\\StatusCommand->Illuminate\\Database\\Console\\Migrations\\{closure}()
#21 /home/runner/work/ramaschoollaravel/ramaschoollaravel/vendor/laravel/framework/src/Illuminate/Database/Console/Migrations/StatusCommand.php(52): Illuminate\\Database\\Migrations\\Migrator->usingConnection()
#22 /home/runner/work/ramaschoollaravel/ramaschoollaravel/vendor/laravel/framework/src/Illuminate/Container/BoundMethod.php(36): Illuminate\\Database\\Console\\Migrations\\StatusCommand->handle()
#23 /home/runner/work/ramaschoollaravel/ramaschoollaravel/vendor/laravel/framework/src/Illuminate/Container/Util.php(41): Illuminate\\Container\\BoundMethod::Illuminate\\Container\\{closure}()
#24 /home/runner/work/ramaschoollaravel/ramaschoollaravel/vendor/laravel/framework/src/Illuminate/Container/BoundMethod.php(93): Illuminate\\Container\\Util::unwrapIfClosure()
#25 /home/runner/work/ramaschoollaravel/ramaschoollaravel/vendor/laravel/framework/src/Illuminate/Container/BoundMethod.php(35): Illuminate\\Container\\BoundMethod::callBoundMethod()
#26 /home/runner/work/ramaschoollaravel/ramaschoollaravel/vendor/laravel/framework/src/Illuminate/Container/Container.php(662): Illuminate\\Container\\BoundMethod::call()
#27 /home/runner/work/ramaschoollaravel/ramaschoollaravel/vendor/laravel/framework/src/Illuminate/Console/Command.php(211): Illuminate\\Container\\Container->call()
#28 /home/runner/work/ramaschoollaravel/ramaschoollaravel/vendor/symfony/console/Command/Command.php(326): Illuminate\\Console\\Command->execute()
#29 /home/runner/work/ramaschoollaravel/ramaschoollaravel/vendor/laravel/framework/src/Illuminate/Console/Command.php(180): Symfony\\Component\\Console\\Command\\Command->run()
#30 /home/runner/work/ramaschoollaravel/ramaschoollaravel/vendor/symfony/console/Application.php(1106): Illuminate\\Console\\Command->run()
#31 /home/runner/work/ramaschoollaravel/ramaschoollaravel/vendor/symfony/console/Application.php(324): Symfony\\Component\\Console\\Application->doRunCommand()
#32 /home/runner/work/ramaschoollaravel/ramaschoollaravel/vendor/symfony/console/Application.php(175): Symfony\\Component\\Console\\Application->doRun()
#33 /home/runner/work/ramaschoollaravel/ramaschoollaravel/vendor/laravel/framework/src/Illuminate/Foundation/Console/Kernel.php(201): Symfony\\Component\\Console\\Application->run()
#34 /home/runner/work/ramaschoollaravel/ramaschoollaravel/artisan(35): Illuminate\\Foundation\\Console\\Kernel->handle()
#35 {main}
"} 
